<?xml version="1.0" encoding="UTF-8"?>
<!-- Generated by org.testng.reporters.JUnitReportReporter -->
<testsuite name="com.bhavna.pages.HomePage" tests="1" time="12.749" ignored="0" failures="0" timestamp="30 Jun 2017 12:51:38 GMT" skipped="0" hostname="DT-ARRCHNNA" errors="0">
  <testcase name="enterCity" time="12.749" classname="com.bhavna.pages.HomePage"/>
</testsuite> <!-- com.bhavna.pages.HomePage -->
