<?xml version="1.0" encoding="UTF-8"?>
<!-- Generated by org.testng.reporters.JUnitReportReporter -->
<testsuite name="driverHelper.CreateDriver" tests="1" time="12.330" ignored="0" failures="0" timestamp="27 Jun 2017 06:37:44 GMT" skipped="0" hostname="DT-ARRCHNNA" errors="0">
  <testcase name="StartBrowser" time="12.330" classname="driverHelper.CreateDriver"/>
</testsuite> <!-- driverHelper.CreateDriver -->
