<?xml version="1.0" encoding="UTF-8"?>
<!-- Generated by org.testng.reporters.JUnitReportReporter -->
<testsuite name="com.bhavna.pages.SigninPage" tests="1" time="5.081" ignored="0" failures="0" timestamp="30 Jun 2017 12:51:38 GMT" skipped="0" hostname="DT-ARRCHNNA" errors="0">
  <testcase name="signIn" time="5.081" classname="com.bhavna.pages.SigninPage"/>
</testsuite> <!-- com.bhavna.pages.SigninPage -->
