<?xml version="1.0" encoding="UTF-8"?>
<!-- Generated by org.testng.reporters.JUnitReportReporter -->
<testsuite name="com.bhavna.pages.BookMovie" tests="1" time="43.839" ignored="0" failures="0" timestamp="30 Jun 2017 12:51:38 GMT" skipped="0" hostname="DT-ARRCHNNA" errors="0">
  <testcase name="selectLang" time="43.839" classname="com.bhavna.pages.BookMovie"/>
</testsuite> <!-- com.bhavna.pages.BookMovie -->
