<?xml version="1.0" encoding="UTF-8"?>
<!-- Generated by org.testng.reporters.JUnitReportReporter -->
<testsuite name="testscripts.Homepagetest" tests="1" time="0.004" ignored="0" failures="0" timestamp="27 Jun 2017 05:29:22 GMT" skipped="0" hostname="DT-ARRCHNNA" errors="0">
  <testcase name="test1" time="0.004" classname="testscripts.Homepagetest"/>
</testsuite> <!-- testscripts.Homepagetest -->
