<?xml version="1.0" encoding="UTF-8"?>
<!-- Generated by org.testng.reporters.JUnitReportReporter -->
<testsuite name="testscripts.Homepage" tests="1" time="0.009" ignored="0" failures="0" timestamp="27 Jun 2017 06:54:50 GMT" skipped="0" hostname="DT-ARRCHNNA" errors="0">
  <testcase name="enterCity" time="0.009" classname="testscripts.Homepage"/>
</testsuite> <!-- testscripts.Homepage -->
